<?xml version="1.0" encoding="UTF-8"?>
<!-- Generated by org.testng.reporters.JUnitXMLReporter -->
<testsuite hostname="PANIGRAP8" ignored="0" name="Command line test" tests="5" failures="0" timestamp="31 Aug 2020 10:29:58 GMT" time="137.464" errors="0">
  <testcase name="getMaintenance_progress_Percentage" time="30.293" classname="hp.Seals.APITest.MaintenanceTaskAPITest"/>
  <testcase name="getErrorEventsAPI_InvalidErrorCode" time="21.022" classname="hp.Seals.APITest.SealsApiTest"/>
  <testcase name="getPrintHeadDetails_Ink_Used_Units" time="56.032" classname="hp.Seals.APITest.SealsApiTest"/>
  <testcase name="getPrintHeadDetails_event_TYPE" time="20.576" classname="hp.Seals.APITest.SealsApiTest"/>
  <testcase name="getPrintHeadDetails_warranty_status" time="7.81" classname="hp.Seals.APITest.SealsApiTest"/>
</testsuite> <!-- Command line test -->
