<?xml version="1.0" encoding="UTF-8" ?>
<testsuite tests="5" failures="0" name="TestSuite" time="135.735" errors="0" skipped="0">
  <properties>
[...]
</properties>
  <testcase classname="hp.Seals.APITest.MaintenanceTaskAPITest" name="getMaintenance_progress_Percentage" time="30.3"/>
  <testcase classname="hp.Seals.APITest.SealsApiTest" name="getErrorEventsAPI_InvalidErrorCode" time="21.031"/>
  <testcase classname="hp.Seals.APITest.SealsApiTest" name="getPrintHeadDetails_Ink_Used_Units" time="56.02"/>
  <testcase classname="hp.Seals.APITest.SealsApiTest" name="getPrintHeadDetails_event_TYPE" time="20.575"/>
  <testcase classname="hp.Seals.APITest.SealsApiTest" name="getPrintHeadDetails_warranty_status" time="7.809"/>
</testsuite>