<?xml version="1.0" encoding="UTF-8"?>
<testng-results skipped="0" failed="0" ignored="0" total="1" passed="1">
  <reporter-output>
  </reporter-output>
  <suite name="Default suite" duration-ms="19532" started-at="2020-08-31T10:02:38Z" finished-at="2020-08-31T10:02:57Z">
    <groups>
    </groups>
    <test name="Default test" duration-ms="19532" started-at="2020-08-31T10:02:38Z" finished-at="2020-08-31T10:02:57Z">
      <class name="hp.Seals.APITest.MaintenanceTaskAPITest">
        <test-method status="PASS" signature="readExcel()[pri:0, instance:hp.Seals.APITest.MaintenanceTaskAPITest@319b92f3]" name="readExcel" is-config="true" duration-ms="1119" started-at="2020-08-31T10:02:38Z" finished-at="2020-08-31T10:02:39Z">
          <reporter-output>
          </reporter-output>
        </test-method> <!-- readExcel -->
        <test-method status="PASS" signature="readExcel()[pri:0, instance:hp.Seals.APITest.SealsApiTest@fcd6521]" name="readExcel" is-config="true" duration-ms="102" started-at="2020-08-31T10:02:39Z" finished-at="2020-08-31T10:02:39Z">
          <reporter-output>
          </reporter-output>
        </test-method> <!-- readExcel -->
        <test-method status="PASS" signature="baseTest()[pri:0, instance:hp.Seals.APITest.MaintenanceTaskAPITest@319b92f3]" name="baseTest" is-config="true" duration-ms="820" started-at="2020-08-31T10:02:39Z" finished-at="2020-08-31T10:02:40Z">
          <reporter-output>
          </reporter-output>
        </test-method> <!-- baseTest -->
        <test-method status="PASS" signature="getMaintenance_progress_Percentage()[pri:0, instance:hp.Seals.APITest.MaintenanceTaskAPITest@319b92f3]" name="getMaintenance_progress_Percentage" duration-ms="17189" started-at="2020-08-31T10:02:40Z" finished-at="2020-08-31T10:02:57Z">
          <reporter-output>
          </reporter-output>
        </test-method> <!-- getMaintenance_progress_Percentage -->
        <test-method status="PASS" signature="TearDown()[pri:0, instance:hp.Seals.APITest.MaintenanceTaskAPITest@319b92f3]" name="TearDown" is-config="true" duration-ms="1" started-at="2020-08-31T10:02:57Z" finished-at="2020-08-31T10:02:57Z">
          <reporter-output>
          </reporter-output>
        </test-method> <!-- TearDown -->
      </class> <!-- hp.Seals.APITest.MaintenanceTaskAPITest -->
    </test> <!-- Default test -->
  </suite> <!-- Default suite -->
</testng-results>
